<?xml version="1.0" encoding="UTF-8"?>
<testsuite xmlns:xsi="http://www.w3.org/2001/XMLSchema-instance" xsi:noNamespaceSchemaLocation="https://maven.apache.org/surefire/maven-surefire-plugin/xsd/surefire-test-report.xsd" name="com.rbsg.reactive.AppTest" time="0.064" tests="1" errors="0" skipped="0" failures="0">
  <properties>
    <property name="sun.desktop" value="windows"/>
    <property name="awt.toolkit" value="sun.awt.windows.WToolkit"/>
    <property name="file.encoding.pkg" value="sun.io"/>
    <property name="java.specification.version" value="1.8"/>
    <property name="sun.cpu.isalist" value="amd64"/>
    <property name="sun.jnu.encoding" value="Cp1252"/>
    <property name="java.class.path" value="D:\dev\work\work-ejb\reactivevertx\target\test-classes;D:\dev\work\work-ejb\reactivevertx\target\classes;C:\Users\ram\.m2\repository\io\vertx\vertx-web\3.8.1\vertx-web-3.8.1.jar;C:\Users\ram\.m2\repository\io\vertx\vertx-web-common\3.8.1\vertx-web-common-3.8.1.jar;C:\Users\ram\.m2\repository\io\vertx\vertx-auth-common\3.8.1\vertx-auth-common-3.8.1.jar;C:\Users\ram\.m2\repository\io\vertx\vertx-bridge-common\3.8.1\vertx-bridge-common-3.8.1.jar;C:\Users\ram\.m2\repository\io\vertx\vertx-core\3.8.1\vertx-core-3.8.1.jar;C:\Users\ram\.m2\repository\io\netty\netty-common\4.1.39.Final\netty-common-4.1.39.Final.jar;C:\Users\ram\.m2\repository\io\netty\netty-buffer\4.1.39.Final\netty-buffer-4.1.39.Final.jar;C:\Users\ram\.m2\repository\io\netty\netty-transport\4.1.39.Final\netty-transport-4.1.39.Final.jar;C:\Users\ram\.m2\repository\io\netty\netty-handler\4.1.39.Final\netty-handler-4.1.39.Final.jar;C:\Users\ram\.m2\repository\io\netty\netty-codec\4.1.39.Final\netty-codec-4.1.39.Final.jar;C:\Users\ram\.m2\repository\io\netty\netty-handler-proxy\4.1.39.Final\netty-handler-proxy-4.1.39.Final.jar;C:\Users\ram\.m2\repository\io\netty\netty-codec-socks\4.1.39.Final\netty-codec-socks-4.1.39.Final.jar;C:\Users\ram\.m2\repository\io\netty\netty-codec-http\4.1.39.Final\netty-codec-http-4.1.39.Final.jar;C:\Users\ram\.m2\repository\io\netty\netty-codec-http2\4.1.39.Final\netty-codec-http2-4.1.39.Final.jar;C:\Users\ram\.m2\repository\io\netty\netty-resolver\4.1.39.Final\netty-resolver-4.1.39.Final.jar;C:\Users\ram\.m2\repository\io\netty\netty-resolver-dns\4.1.39.Final\netty-resolver-dns-4.1.39.Final.jar;C:\Users\ram\.m2\repository\io\netty\netty-codec-dns\4.1.39.Final\netty-codec-dns-4.1.39.Final.jar;C:\Users\ram\.m2\repository\com\fasterxml\jackson\core\jackson-core\2.9.9\jackson-core-2.9.9.jar;C:\Users\ram\.m2\repository\com\fasterxml\jackson\core\jackson-databind\2.9.9.1\jackson-databind-2.9.9.1.jar;C:\Users\ram\.m2\repository\com\fasterxml\jackson\core\jackson-annotations\2.9.0\jackson-annotations-2.9.0.jar;C:\Users\ram\.m2\repository\junit\junit\4.11\junit-4.11.jar;C:\Users\ram\.m2\repository\org\hamcrest\hamcrest-core\1.3\hamcrest-core-1.3.jar;"/>
    <property name="java.vm.vendor" value="Oracle Corporation"/>
    <property name="sun.arch.data.model" value="64"/>
    <property name="user.variant" value=""/>
    <property name="java.vendor.url" value="http://java.oracle.com/"/>
    <property name="user.timezone" value="Asia/Calcutta"/>
    <property name="java.vm.specification.version" value="1.8"/>
    <property name="os.name" value="Windows 10"/>
    <property name="user.country" value="IN"/>
    <property name="sun.java.launcher" value="SUN_STANDARD"/>
    <property name="sun.boot.library.path" value="D:\dev\software\programs\Java\jdk1.8.0_162\jre\bin"/>
    <property name="sun.java.command" value="C:\Users\ram\AppData\Local\Temp\surefire1516766750805830157\surefirebooter8675974640640289894.jar C:\Users\ram\AppData\Local\Temp\surefire1516766750805830157 2019-09-15T19-29-26_797-jvmRun1 surefire2957628785186725574tmp surefire_08560015574437146824tmp"/>
    <property name="surefire.test.class.path" value="D:\dev\work\work-ejb\reactivevertx\target\test-classes;D:\dev\work\work-ejb\reactivevertx\target\classes;C:\Users\ram\.m2\repository\io\vertx\vertx-web\3.8.1\vertx-web-3.8.1.jar;C:\Users\ram\.m2\repository\io\vertx\vertx-web-common\3.8.1\vertx-web-common-3.8.1.jar;C:\Users\ram\.m2\repository\io\vertx\vertx-auth-common\3.8.1\vertx-auth-common-3.8.1.jar;C:\Users\ram\.m2\repository\io\vertx\vertx-bridge-common\3.8.1\vertx-bridge-common-3.8.1.jar;C:\Users\ram\.m2\repository\io\vertx\vertx-core\3.8.1\vertx-core-3.8.1.jar;C:\Users\ram\.m2\repository\io\netty\netty-common\4.1.39.Final\netty-common-4.1.39.Final.jar;C:\Users\ram\.m2\repository\io\netty\netty-buffer\4.1.39.Final\netty-buffer-4.1.39.Final.jar;C:\Users\ram\.m2\repository\io\netty\netty-transport\4.1.39.Final\netty-transport-4.1.39.Final.jar;C:\Users\ram\.m2\repository\io\netty\netty-handler\4.1.39.Final\netty-handler-4.1.39.Final.jar;C:\Users\ram\.m2\repository\io\netty\netty-codec\4.1.39.Final\netty-codec-4.1.39.Final.jar;C:\Users\ram\.m2\repository\io\netty\netty-handler-proxy\4.1.39.Final\netty-handler-proxy-4.1.39.Final.jar;C:\Users\ram\.m2\repository\io\netty\netty-codec-socks\4.1.39.Final\netty-codec-socks-4.1.39.Final.jar;C:\Users\ram\.m2\repository\io\netty\netty-codec-http\4.1.39.Final\netty-codec-http-4.1.39.Final.jar;C:\Users\ram\.m2\repository\io\netty\netty-codec-http2\4.1.39.Final\netty-codec-http2-4.1.39.Final.jar;C:\Users\ram\.m2\repository\io\netty\netty-resolver\4.1.39.Final\netty-resolver-4.1.39.Final.jar;C:\Users\ram\.m2\repository\io\netty\netty-resolver-dns\4.1.39.Final\netty-resolver-dns-4.1.39.Final.jar;C:\Users\ram\.m2\repository\io\netty\netty-codec-dns\4.1.39.Final\netty-codec-dns-4.1.39.Final.jar;C:\Users\ram\.m2\repository\com\fasterxml\jackson\core\jackson-core\2.9.9\jackson-core-2.9.9.jar;C:\Users\ram\.m2\repository\com\fasterxml\jackson\core\jackson-databind\2.9.9.1\jackson-databind-2.9.9.1.jar;C:\Users\ram\.m2\repository\com\fasterxml\jackson\core\jackson-annotations\2.9.0\jackson-annotations-2.9.0.jar;C:\Users\ram\.m2\repository\junit\junit\4.11\junit-4.11.jar;C:\Users\ram\.m2\repository\org\hamcrest\hamcrest-core\1.3\hamcrest-core-1.3.jar;"/>
    <property name="sun.cpu.endian" value="little"/>
    <property name="user.home" value="C:\Users\ram"/>
    <property name="user.language" value="en"/>
    <property name="java.specification.vendor" value="Oracle Corporation"/>
    <property name="java.home" value="D:\dev\software\programs\Java\jdk1.8.0_162\jre"/>
    <property name="basedir" value="D:\dev\work\work-ejb\reactivevertx"/>
    <property name="file.separator" value="\"/>
    <property name="line.separator" value="&#10;"/>
    <property name="java.vm.specification.vendor" value="Oracle Corporation"/>
    <property name="java.specification.name" value="Java Platform API Specification"/>
    <property name="java.awt.graphicsenv" value="sun.awt.Win32GraphicsEnvironment"/>
    <property name="surefire.real.class.path" value="C:\Users\ram\AppData\Local\Temp\surefire1516766750805830157\surefirebooter8675974640640289894.jar"/>
    <property name="sun.boot.class.path" value="D:\dev\software\programs\Java\jdk1.8.0_162\jre\lib\resources.jar;D:\dev\software\programs\Java\jdk1.8.0_162\jre\lib\rt.jar;D:\dev\software\programs\Java\jdk1.8.0_162\jre\lib\sunrsasign.jar;D:\dev\software\programs\Java\jdk1.8.0_162\jre\lib\jsse.jar;D:\dev\software\programs\Java\jdk1.8.0_162\jre\lib\jce.jar;D:\dev\software\programs\Java\jdk1.8.0_162\jre\lib\charsets.jar;D:\dev\software\programs\Java\jdk1.8.0_162\jre\lib\jfr.jar;D:\dev\software\programs\Java\jdk1.8.0_162\jre\classes"/>
    <property name="user.script" value=""/>
    <property name="sun.management.compiler" value="HotSpot 64-Bit Tiered Compilers"/>
    <property name="java.runtime.version" value="1.8.0_162-b12"/>
    <property name="user.name" value="ram"/>
    <property name="path.separator" value=";"/>
    <property name="os.version" value="10.0"/>
    <property name="java.endorsed.dirs" value="D:\dev\software\programs\Java\jdk1.8.0_162\jre\lib\endorsed"/>
    <property name="java.runtime.name" value="Java(TM) SE Runtime Environment"/>
    <property name="file.encoding" value="Cp1252"/>
    <property name="java.vm.name" value="Java HotSpot(TM) 64-Bit Server VM"/>
    <property name="localRepository" value="C:\Users\ram\.m2\repository"/>
    <property name="java.vendor.url.bug" value="http://bugreport.sun.com/bugreport/"/>
    <property name="java.io.tmpdir" value="C:\Users\ram\AppData\Local\Temp\"/>
    <property name="java.version" value="1.8.0_162"/>
    <property name="user.dir" value="D:\dev\work\work-ejb\reactivevertx"/>
    <property name="os.arch" value="amd64"/>
    <property name="java.vm.specification.name" value="Java Virtual Machine Specification"/>
    <property name="java.awt.printerjob" value="sun.awt.windows.WPrinterJob"/>
    <property name="sun.os.patch.level" value=""/>
    <property name="java.library.path" value="D:\dev\software\programs\Java\jdk1.8.0_162\jre\bin;C:\WINDOWS\Sun\Java\bin;C:\WINDOWS\system32;C:\WINDOWS;C:\Program Files\NVIDIA GPU Computing Toolkit\CUDA\v9.0\bin;C:\Program Files\NVIDIA GPU Computing Toolkit\CUDA\v9.0\libnvvp;C:\ProgramData\Oracle\Java\javapath;C:\Windows\system32;C:\Windows;C:\Windows\System32\Wbem;C:\Windows\System32\WindowsPowerShell\v1.0\;C:\Program Files (x86)\NVIDIA Corporation\PhysX\Common;C:\Program Files\Intel\WiFi\bin\;C:\Program Files\Common Files\Intel\WirelessCommon\;D:\dev\software\programs\Java\jdk1.8.0_162\bin;D:\dev\software\programs\Maven\apache-maven-3.5.3\bin;D:\dev\software\programs\Gradle\gradle-4.6\bin;C:\ProgramData\chocolatey\bin;D:\dev\software\tools\curl-7.59.0-win64-mingw\bin;C:\WINDOWS\system32;C:\WINDOWS;C:\WINDOWS\System32\Wbem;C:\WINDOWS\System32\WindowsPowerShell\v1.0\;C:\WINDOWS\System32\OpenSSH\;D:\dev\software\programs\Erlang\erl10.0.1\bin;D:\dev\software\programs\webserver\httpd-2.4.34-win64-VC15\Apache24\bin;D:\dev\software\tools\CloudFoundry;D:\dev\software\IDE\Anaconda3;D:\dev\software\IDE\Anaconda3\Scripts;C:\Program Files (x86)\Windows Kits\8.1\Windows Performance Toolkit\;D:\dev\software\cuda\bin;C:\Program Files\NVIDIA GPU Computing Toolkit\CUDA\v9.0\extras\CUPTI\libx64;D:\dev\software\programs\nodejs\;C:\Program Files (x86)\Yarn\bin\;D:\dev\software\programs\Go\bin;C:\Program Files\IBM\Cloud\bin;D:\dev\software\programs\Kubernetes\Minikube;D:\dev\software\Google\Cloud SDK\google-cloud-sdk\bin;C:\WINDOWS\system32;C:\WINDOWS;C:\WINDOWS\System32\Wbem;C:\WINDOWS\System32\WindowsPowerShell\v1.0\;C:\WINDOWS\System32\OpenSSH\;D:\dev\software\IDE\Microsoft VS Code\bin;C:\Program Files\Git\cmd;C:\Users\ram\.windows-build-tools\python27;D:\dev\software\programs\nodejs\node_modules\npm\bin\node-gyp-bin;C:\Users\ram\AppData\Roaming\npm\node_modules\windows-build-tools\node_modules\.bin;C:\Users\ram\AppData\Roaming\npm\node_modules\.bin;C:\ProgramData\Oracle\Java\javapath;C:\Windows\system32;C:\Windows;C:\Windows\System32\Wbem;C:\Windows\System32\WindowsPowerShell\v1.0\;C:\Program Files (x86)\NVIDIA Corporation\PhysX\Common;C:\Program Files\Intel\WiFi\bin\;C:\Program Files\Common Files\Intel\WirelessCommon\;D:\dev\software\programs\Java\jdk1.8.0_162\bin;D:\dev\software\programs\Maven\apache-maven-3.5.3\bin;D:\dev\software\programs\Gradle\gradle-4.6\bin;D:\dev\software\tools\Git\bin;D:\dev\software\tools\Git\cmd;C:\ProgramData\chocolatey\bin;D:\dev\software\tools\curl-7.59.0-win64-mingw\bin;D:\dev\software\programs\nodejs\;C:\WINDOWS\system32;C:\WINDOWS;C:\WINDOWS\System32\Wbem;C:\WINDOWS\System32\WindowsPowerShell\v1.0\;C:\WINDOWS\System32\OpenSSH\;D:\dev\software\programs\Erlang\erl10.0.1\bin;D:\dev\software\programs\webserver\httpd-2.4.34-win64-VC15\Apache24\bin;D:\dev\software\tools\CloudFoundry;D:\dev\software\IDE\Anaconda3;D:\dev\software\IDE\Anaconda3\Scripts;C:\Users\ram\AppData\Local\Microsoft\WindowsApps;D:\dev\software\programs\Docker Toolbox;D:\dev\software\tools\Fiddler;D:\dev\software\IDE\Microsoft VS Code\bin;D:\dev\software\tools\heroku\bin;D:\dev\software\tools\kotlin-compiler-1.2.41\kotlinc\bin;C:\Users\ram\AppData\Roaming\npm;C:\Users\ram\AppData\Local\Yarn\bin;C:\Users\ram\go\bin;D:\dev\software\tools;;C:\Users\ram\AppData\Local\Microsoft\WindowsApps;."/>
    <property name="java.vm.info" value="mixed mode"/>
    <property name="java.vendor" value="Oracle Corporation"/>
    <property name="java.vm.version" value="25.162-b12"/>
    <property name="java.ext.dirs" value="D:\dev\software\programs\Java\jdk1.8.0_162\jre\lib\ext;C:\WINDOWS\Sun\Java\lib\ext"/>
    <property name="sun.io.unicode.encoding" value="UnicodeLittle"/>
    <property name="java.class.version" value="52.0"/>
  </properties>
  <testcase name="shouldAnswerWithTrue" classname="com.rbsg.reactive.AppTest" time="0.003"/>
</testsuite>